<?xml version="1.0" encoding="UTF-8"?>
<testng-results ignored="0" total="1" passed="1" failed="0" skipped="0">
  <reporter-output>
  </reporter-output>
  <suite started-at="2022-12-02T21:44:27 BDT" name="Default suite" finished-at="2022-12-02T21:44:30 BDT" duration-ms="2406">
    <groups>
    </groups>
    <test started-at="2022-12-02T21:44:27 BDT" name="Default test" finished-at="2022-12-02T21:44:30 BDT" duration-ms="2406">
      <class name="tests.AmazonCustomerLoginTest">
        <test-method is-config="true" signature="driverSetUp()[pri:0, instance:tests.AmazonCustomerLoginTest@1b2abca6]" started-at="2022-12-02T21:44:19 BDT" name="driverSetUp" finished-at="2022-12-02T21:44:27 BDT" duration-ms="8263" status="PASS">
          <reporter-output>
          </reporter-output>
        </test-method> <!-- driverSetUp -->
        <test-method is-config="true" signature="maximizeBrowser()[pri:0, instance:tests.AmazonCustomerLoginTest@1b2abca6]" started-at="2022-12-02T21:44:27 BDT" name="maximizeBrowser" finished-at="2022-12-02T21:44:28 BDT" duration-ms="47" status="PASS">
          <reporter-output>
          </reporter-output>
        </test-method> <!-- maximizeBrowser -->
        <test-method is-config="true" signature="applyImplicitlyWait()[pri:0, instance:tests.AmazonCustomerLoginTest@1b2abca6]" started-at="2022-12-02T21:44:28 BDT" name="applyImplicitlyWait" finished-at="2022-12-02T21:44:28 BDT" duration-ms="16" status="PASS">
          <reporter-output>
          </reporter-output>
        </test-method> <!-- applyImplicitlyWait -->
        <test-method is-config="true" signature="navigatetoApplication()[pri:0, instance:tests.AmazonCustomerLoginTest@1b2abca6]" started-at="2022-12-02T21:44:28 BDT" name="navigatetoApplication" finished-at="2022-12-02T21:44:30 BDT" duration-ms="2097" status="PASS">
          <reporter-output>
          </reporter-output>
        </test-method> <!-- navigatetoApplication -->
        <test-method signature="amazonUserAddsProductsToCart()[pri:0, instance:tests.AmazonCustomerLoginTest@1b2abca6]" started-at="2022-12-02T21:44:30 BDT" name="amazonUserAddsProductsToCart" finished-at="2022-12-02T21:44:30 BDT" duration-ms="12" status="PASS">
          <reporter-output>
          </reporter-output>
        </test-method> <!-- amazonUserAddsProductsToCart -->
        <test-method is-config="true" signature="logout()[pri:0, instance:tests.AmazonCustomerLoginTest@1b2abca6]" started-at="2022-12-02T21:44:30 BDT" name="logout" finished-at="2022-12-02T21:44:30 BDT" duration-ms="0" status="PASS">
          <reporter-output>
          </reporter-output>
        </test-method> <!-- logout -->
        <test-method is-config="true" signature="deleteAllCookies()[pri:0, instance:tests.AmazonCustomerLoginTest@1b2abca6]" started-at="2022-12-02T21:44:30 BDT" name="deleteAllCookies" finished-at="2022-12-02T21:44:30 BDT" duration-ms="150" status="PASS">
          <reporter-output>
          </reporter-output>
        </test-method> <!-- deleteAllCookies -->
        <test-method is-config="true" signature="closeBrowser()[pri:0, instance:tests.AmazonCustomerLoginTest@1b2abca6]" started-at="2022-12-02T21:44:30 BDT" name="closeBrowser" finished-at="2022-12-02T21:44:30 BDT" duration-ms="0" status="PASS">
          <reporter-output>
          </reporter-output>
        </test-method> <!-- closeBrowser -->
        <test-method is-config="true" signature="driverQuit()[pri:0, instance:tests.AmazonCustomerLoginTest@1b2abca6]" started-at="2022-12-02T21:44:30 BDT" name="driverQuit" finished-at="2022-12-02T21:44:30 BDT" duration-ms="0" status="PASS">
          <reporter-output>
          </reporter-output>
        </test-method> <!-- driverQuit -->
      </class> <!-- tests.AmazonCustomerLoginTest -->
    </test> <!-- Default test -->
  </suite> <!-- Default suite -->
</testng-results>
